<?xml version="1.0" encoding="UTF-8"?>
<testsuite xmlns:xsi="http://www.w3.org/2001/XMLSchema-instance" xsi:noNamespaceSchemaLocation="https://maven.apache.org/surefire/maven-surefire-plugin/xsd/surefire-test-report.xsd" name="singletons.DataSingletonTest" time="0.031" tests="4" errors="0" skipped="0" failures="0">
  <properties>
[...]
</properties>
  <testcase name="fetchTest" classname="singletons.DataSingletonTest" time="0.022"/>
  <testcase name="calculateTest" classname="singletons.DataSingletonTest" time="0.001"/>
  <testcase name="updateTest" classname="singletons.DataSingletonTest" time="0"/>
  <testcase name="fetchContentsTest" classname="singletons.DataSingletonTest" time="0.001"/>
</testsuite>